mode: set
github.com/valtors/forge/commands.go:18.28,20.19 2 0
github.com/valtors/forge/commands.go:20.19,22.3 1 0
github.com/valtors/forge/commands.go:24.2,25.16 2 0
github.com/valtors/forge/commands.go:25.16,28.3 2 0
github.com/valtors/forge/commands.go:30.2,35.36 5 0
github.com/valtors/forge/commands.go:35.36,38.3 2 0
github.com/valtors/forge/commands.go:39.2,42.63 3 0
github.com/valtors/forge/commands.go:42.63,44.17 2 0
github.com/valtors/forge/commands.go:44.17,47.4 2 0
github.com/valtors/forge/commands.go:48.3,48.20 1 0
github.com/valtors/forge/commands.go:51.2,52.16 2 0
github.com/valtors/forge/commands.go:52.16,55.3 2 0
github.com/valtors/forge/commands.go:56.2,58.45 2 0
github.com/valtors/forge/commands.go:58.45,60.17 2 0
github.com/valtors/forge/commands.go:60.17,62.12 2 0
github.com/valtors/forge/commands.go:64.3,70.5 1 0
github.com/valtors/forge/commands.go:73.2,76.19 3 0
github.com/valtors/forge/commands.go:76.19,78.3 1 0
github.com/valtors/forge/commands.go:80.2,88.122 8 0
github.com/valtors/forge/commands.go:88.122,91.3 2 0
github.com/valtors/forge/commands.go:93.2,101.42 7 0
github.com/valtors/forge/commands.go:101.42,103.3 1 0
github.com/valtors/forge/commands.go:104.2,104.25 1 0
github.com/valtors/forge/commands.go:107.29,112.22 4 0
github.com/valtors/forge/commands.go:112.22,115.3 2 0
github.com/valtors/forge/commands.go:117.2,117.27 1 0
github.com/valtors/forge/commands.go:117.27,120.3 1 0
github.com/valtors/forge/commands.go:123.29,124.19 1 0
github.com/valtors/forge/commands.go:124.19,127.3 2 0
github.com/valtors/forge/commands.go:129.2,132.16 4 0
github.com/valtors/forge/commands.go:132.16,135.3 2 0
github.com/valtors/forge/commands.go:136.2,136.25 1 0
github.com/valtors/forge/commands.go:139.29,140.19 1 0
github.com/valtors/forge/commands.go:140.19,143.3 2 0
github.com/valtors/forge/commands.go:145.2,148.42 3 0
github.com/valtors/forge/commands.go:148.42,151.3 2 0
github.com/valtors/forge/commands.go:152.2,152.43 1 0
github.com/valtors/forge/commands.go:155.29,157.19 2 0
github.com/valtors/forge/commands.go:157.19,159.3 1 0
github.com/valtors/forge/commands.go:161.2,163.39 3 0
github.com/valtors/forge/commands.go:163.39,166.3 2 0
github.com/valtors/forge/commands.go:168.2,169.53 2 0
github.com/valtors/forge/main.go:8.13,9.22 1 0
github.com/valtors/forge/main.go:9.22,12.3 2 0
github.com/valtors/forge/main.go:14.2,15.13 2 0
github.com/valtors/forge/main.go:16.13,17.22 1 0
github.com/valtors/forge/main.go:18.14,19.23 1 0
github.com/valtors/forge/main.go:20.14,21.23 1 0
github.com/valtors/forge/main.go:22.14,23.23 1 0
github.com/valtors/forge/main.go:24.14,25.23 1 0
github.com/valtors/forge/main.go:26.17,27.29 1 0
github.com/valtors/forge/main.go:28.30,29.14 1 0
github.com/valtors/forge/main.go:30.10,33.13 3 0
github.com/valtors/forge/main.go:37.18,69.2 1 0
github.com/valtors/forge/internal/agent/agent.go:38.42,43.2 1 1
github.com/valtors/forge/internal/agent/agent.go:45.88,49.39 3 1
github.com/valtors/forge/internal/agent/agent.go:49.39,51.3 1 1
github.com/valtors/forge/internal/agent/agent.go:53.2,53.65 1 1
github.com/valtors/forge/internal/agent/agent.go:53.65,55.3 1 0
github.com/valtors/forge/internal/agent/agent.go:57.2,58.16 2 1
github.com/valtors/forge/internal/agent/agent.go:58.16,60.3 1 0
github.com/valtors/forge/internal/agent/agent.go:62.2,75.36 5 1
github.com/valtors/forge/internal/agent/agent.go:75.36,78.3 2 1
github.com/valtors/forge/internal/agent/agent.go:80.2,83.12 3 1
github.com/valtors/forge/internal/agent/agent.go:83.12,86.32 3 1
github.com/valtors/forge/internal/agent/agent.go:86.32,88.4 1 1
github.com/valtors/forge/internal/agent/agent.go:89.3,89.16 1 1
github.com/valtors/forge/internal/agent/agent.go:92.2,92.12 1 1
github.com/valtors/forge/internal/agent/agent.go:95.41,100.13 4 1
github.com/valtors/forge/internal/agent/agent.go:100.13,102.3 1 1
github.com/valtors/forge/internal/agent/agent.go:104.2,107.26 3 1
github.com/valtors/forge/internal/agent/agent.go:107.26,110.13 3 1
github.com/valtors/forge/internal/agent/agent.go:110.13,110.37 1 1
github.com/valtors/forge/internal/agent/agent.go:111.3,111.10 1 1
github.com/valtors/forge/internal/agent/agent.go:112.15,112.15 0 1
github.com/valtors/forge/internal/agent/agent.go:113.39,114.28 1 0
github.com/valtors/forge/internal/agent/agent.go:118.2,119.22 2 1
github.com/valtors/forge/internal/agent/agent.go:119.22,121.3 1 1
github.com/valtors/forge/internal/agent/agent.go:122.2,122.12 1 1
github.com/valtors/forge/internal/agent/agent.go:125.35,130.29 4 1
github.com/valtors/forge/internal/agent/agent.go:130.29,132.3 1 1
github.com/valtors/forge/internal/agent/agent.go:133.2,133.15 1 1
github.com/valtors/forge/internal/agent/agent.go:136.49,141.2 4 1
github.com/valtors/forge/internal/agent/agent.go:143.33,147.2 3 1
github.com/valtors/forge/internal/agent/agent.go:149.40,151.2 1 1
github.com/valtors/forge/internal/agent/agent.go:153.27,154.26 1 1
github.com/valtors/forge/internal/agent/agent.go:154.26,156.3 1 1
github.com/valtors/forge/internal/agent/agent.go:157.2,157.10 1 0
github.com/valtors/forge/internal/agent/agent.go:160.41,164.9 4 1
github.com/valtors/forge/internal/agent/agent.go:164.9,166.3 1 1
github.com/valtors/forge/internal/agent/agent.go:167.2,167.16 1 1
github.com/valtors/forge/internal/config/config.go:46.41,47.16 1 1
github.com/valtors/forge/internal/config/config.go:47.16,49.3 1 0
github.com/valtors/forge/internal/config/config.go:51.2,52.16 2 1
github.com/valtors/forge/internal/config/config.go:52.16,54.3 1 1
github.com/valtors/forge/internal/config/config.go:56.2,57.59 2 1
github.com/valtors/forge/internal/config/config.go:57.59,59.3 1 0
github.com/valtors/forge/internal/config/config.go:61.2,61.26 1 1
github.com/valtors/forge/internal/config/config.go:61.26,63.3 1 1
github.com/valtors/forge/internal/config/config.go:65.2,65.18 1 1
github.com/valtors/forge/internal/config/config.go:68.35,92.2 1 1
github.com/valtors/forge/internal/config/config.go:94.42,95.16 1 1
github.com/valtors/forge/internal/config/config.go:95.16,97.3 1 0
github.com/valtors/forge/internal/config/config.go:99.2,100.16 2 1
github.com/valtors/forge/internal/config/config.go:100.16,102.3 1 0
github.com/valtors/forge/internal/config/config.go:103.2,106.22 3 1
github.com/valtors/forge/internal/config/config.go:109.23,110.46 1 1
github.com/valtors/forge/internal/config/config.go:110.46,112.3 1 0
github.com/valtors/forge/internal/config/config.go:113.2,114.47 2 1
github.com/valtors/forge/internal/config/config.go:117.23,119.2 1 1
github.com/valtors/forge/internal/mcp/mcp.go:17.44,18.69 1 1
github.com/valtors/forge/internal/mcp/mcp.go:18.69,25.3 2 1
github.com/valtors/forge/internal/mcp/mcp.go:27.2,27.75 1 1
github.com/valtors/forge/internal/mcp/mcp.go:27.75,34.3 2 1
github.com/valtors/forge/internal/mcp/mcp.go:36.2,36.41 1 1
github.com/valtors/forge/internal/mcp/mcp.go:36.41,43.3 2 0
github.com/valtors/forge/internal/mcp/mcp.go:45.2,49.8 1 1
github.com/valtors/forge/internal/mcp/mcp.go:52.45,57.36 5 0
github.com/valtors/forge/internal/mcp/mcp.go:57.36,59.3 1 0
github.com/valtors/forge/internal/mcp/mcp.go:60.2,60.17 1 0
github.com/valtors/forge/internal/mcp/mcp.go:63.53,70.2 2 1
github.com/valtors/forge/internal/mcp/mcp.go:72.34,74.2 1 1
github.com/valtors/forge/internal/observe/observe.go:30.78,31.50 1 1
github.com/valtors/forge/internal/observe/observe.go:31.50,33.3 1 0
github.com/valtors/forge/internal/observe/observe.go:35.2,37.16 3 1
github.com/valtors/forge/internal/observe/observe.go:37.16,39.3 1 0
github.com/valtors/forge/internal/observe/observe.go:41.2,45.8 1 1
github.com/valtors/forge/internal/observe/observe.go:48.35,49.16 1 1
github.com/valtors/forge/internal/observe/observe.go:49.16,51.3 1 1
github.com/valtors/forge/internal/observe/observe.go:53.2,64.23 5 1
github.com/valtors/forge/internal/observe/observe.go:64.23,66.3 1 0
github.com/valtors/forge/internal/observe/observe.go:67.2,67.13 1 1
github.com/valtors/forge/internal/observe/observe.go:67.13,68.24 1 1
github.com/valtors/forge/internal/observe/observe.go:68.24,70.4 1 1
github.com/valtors/forge/internal/observe/observe.go:71.3,71.25 1 1
github.com/valtors/forge/internal/observe/observe.go:71.25,73.4 1 1
github.com/valtors/forge/internal/observe/observe.go:75.2,77.19 2 1
github.com/valtors/forge/internal/observe/observe.go:77.19,79.3 1 1
github.com/valtors/forge/internal/observe/observe.go:82.45,86.42 3 1
github.com/valtors/forge/internal/observe/observe.go:86.42,88.3 1 1
github.com/valtors/forge/internal/observe/observe.go:90.2,91.15 2 1
github.com/valtors/forge/internal/observe/observe.go:91.15,93.3 1 0
github.com/valtors/forge/internal/observe/observe.go:95.2,97.15 3 1
github.com/valtors/forge/internal/observe/observe.go:100.58,106.30 5 1
github.com/valtors/forge/internal/observe/observe.go:106.30,109.55 1 1
github.com/valtors/forge/internal/observe/observe.go:109.55,111.42 2 1
github.com/valtors/forge/internal/observe/observe.go:111.42,112.10 1 0
github.com/valtors/forge/internal/observe/observe.go:116.2,116.16 1 1
github.com/valtors/forge/internal/observe/observe.go:119.32,120.19 1 1
github.com/valtors/forge/internal/observe/observe.go:120.19,122.3 1 1
github.com/valtors/forge/internal/observe/observe.go:123.2,123.12 1 0
github.com/valtors/forge/internal/observe/observe.go:126.41,131.30 4 1
github.com/valtors/forge/internal/observe/observe.go:131.30,133.3 1 1
github.com/valtors/forge/internal/observe/observe.go:134.2,134.14 1 1
github.com/valtors/forge/internal/observe/observe.go:137.41,138.19 1 1
github.com/valtors/forge/internal/observe/observe.go:138.19,140.3 1 1
github.com/valtors/forge/internal/observe/observe.go:141.2,141.24 1 0
github.com/valtors/forge/internal/sandbox/sandbox.go:32.53,38.2 1 1
github.com/valtors/forge/internal/sandbox/sandbox.go:40.32,41.16 1 1
github.com/valtors/forge/internal/sandbox/sandbox.go:41.16,43.3 1 1
github.com/valtors/forge/internal/sandbox/sandbox.go:45.2,46.16 2 1
github.com/valtors/forge/internal/sandbox/sandbox.go:46.16,48.3 1 0
github.com/valtors/forge/internal/sandbox/sandbox.go:49.2,50.12 2 1
github.com/valtors/forge/internal/sandbox/sandbox.go:53.28,54.24 1 1
github.com/valtors/forge/internal/sandbox/sandbox.go:54.24,56.3 1 1
github.com/valtors/forge/internal/sandbox/sandbox.go:59.38,61.2 1 1
github.com/valtors/forge/internal/sandbox/sandbox.go:63.53,64.16 1 1
github.com/valtors/forge/internal/sandbox/sandbox.go:64.16,66.3 1 1
github.com/valtors/forge/internal/sandbox/sandbox.go:68.2,69.24 2 1
github.com/valtors/forge/internal/sandbox/sandbox.go:69.24,71.21 2 1
github.com/valtors/forge/internal/sandbox/sandbox.go:71.21,72.12 1 0
github.com/valtors/forge/internal/sandbox/sandbox.go:74.3,75.20 2 1
github.com/valtors/forge/internal/sandbox/sandbox.go:75.20,76.12 1 1
github.com/valtors/forge/internal/sandbox/sandbox.go:78.3,78.27 1 1
github.com/valtors/forge/internal/sandbox/sandbox.go:80.2,80.14 1 1
github.com/valtors/forge/internal/sandbox/sandbox.go:83.48,84.16 1 1
github.com/valtors/forge/internal/sandbox/sandbox.go:84.16,86.3 1 0
github.com/valtors/forge/internal/sandbox/sandbox.go:88.2,89.16 2 1
github.com/valtors/forge/internal/sandbox/sandbox.go:89.16,91.3 1 0
github.com/valtors/forge/internal/sandbox/sandbox.go:93.2,93.39 1 1
github.com/valtors/forge/internal/sandbox/sandbox.go:93.39,94.84 1 1
github.com/valtors/forge/internal/sandbox/sandbox.go:94.84,96.4 1 1
github.com/valtors/forge/internal/sandbox/sandbox.go:99.2,99.34 1 1
github.com/valtors/forge/internal/sandbox/sandbox.go:99.34,101.17 2 1
github.com/valtors/forge/internal/sandbox/sandbox.go:101.17,102.12 1 0
github.com/valtors/forge/internal/sandbox/sandbox.go:104.3,104.41 1 1
github.com/valtors/forge/internal/sandbox/sandbox.go:104.41,106.4 1 1
github.com/valtors/forge/internal/sandbox/sandbox.go:109.2,109.14 1 0
github.com/valtors/forge/internal/sandbox/sandbox.go:112.48,113.35 1 1
github.com/valtors/forge/internal/sandbox/sandbox.go:113.35,115.3 1 1
github.com/valtors/forge/internal/sandbox/sandbox.go:117.2,117.32 1 1
github.com/valtors/forge/internal/sandbox/sandbox.go:117.32,118.31 1 1
github.com/valtors/forge/internal/sandbox/sandbox.go:118.31,120.4 1 1
github.com/valtors/forge/internal/sandbox/sandbox.go:122.2,122.14 1 1
github.com/valtors/forge/internal/sandbox/sandbox.go:125.43,126.21 1 1
github.com/valtors/forge/internal/sandbox/sandbox.go:126.21,128.3 1 1
github.com/valtors/forge/internal/sandbox/sandbox.go:129.2,129.38 1 1
github.com/valtors/forge/internal/sandbox/sandbox.go:129.38,132.3 2 1
github.com/valtors/forge/internal/sandbox/sandbox.go:133.2,133.14 1 1
github.com/valtors/forge/internal/sandbox/sandbox.go:136.32,138.41 2 1
github.com/valtors/forge/internal/sandbox/sandbox.go:138.41,139.39 1 1
github.com/valtors/forge/internal/sandbox/sandbox.go:139.39,141.4 1 1
github.com/valtors/forge/internal/sandbox/sandbox.go:143.2,143.14 1 1
github.com/valtors/forge/internal/sandbox/sandbox.go:146.30,148.2 1 1
github.com/valtors/forge/internal/sandbox/sandbox.go:150.32,152.2 1 1
github.com/valtors/forge/internal/memory/memory.go:24.39,25.16 1 1
github.com/valtors/forge/internal/memory/memory.go:25.16,27.3 1 1
github.com/valtors/forge/internal/memory/memory.go:27.8,28.63 1 1
github.com/valtors/forge/internal/memory/memory.go:28.63,30.4 1 0
github.com/valtors/forge/internal/memory/memory.go:33.2,34.16 2 1
github.com/valtors/forge/internal/memory/memory.go:34.16,36.3 1 0
github.com/valtors/forge/internal/memory/memory.go:38.2,38.39 1 1
github.com/valtors/forge/internal/memory/memory.go:38.39,41.3 2 0
github.com/valtors/forge/internal/memory/memory.go:43.2,43.28 1 1
github.com/valtors/forge/internal/memory/memory.go:46.35,61.2 3 1
github.com/valtors/forge/internal/memory/memory.go:63.67,69.2 2 1
github.com/valtors/forge/internal/memory/memory.go:71.65,72.16 1 1
github.com/valtors/forge/internal/memory/memory.go:72.16,74.3 1 0
github.com/valtors/forge/internal/memory/memory.go:76.2,83.16 2 1
github.com/valtors/forge/internal/memory/memory.go:83.16,85.3 1 0
github.com/valtors/forge/internal/memory/memory.go:86.2,89.18 3 1
github.com/valtors/forge/internal/memory/memory.go:89.18,91.86 2 1
github.com/valtors/forge/internal/memory/memory.go:91.86,93.4 1 0
github.com/valtors/forge/internal/memory/memory.go:94.3,94.27 1 1
github.com/valtors/forge/internal/memory/memory.go:96.2,96.19 1 1
github.com/valtors/forge/internal/memory/memory.go:99.57,106.2 2 1
github.com/valtors/forge/internal/memory/memory.go:108.39,112.16 2 1
github.com/valtors/forge/internal/memory/memory.go:112.16,114.3 1 0
github.com/valtors/forge/internal/memory/memory.go:115.2,118.18 3 1
github.com/valtors/forge/internal/memory/memory.go:118.18,120.86 2 1
github.com/valtors/forge/internal/memory/memory.go:120.86,122.4 1 0
github.com/valtors/forge/internal/memory/memory.go:123.3,123.27 1 1
github.com/valtors/forge/internal/memory/memory.go:125.2,125.19 1 1
github.com/valtors/forge/internal/memory/memory.go:128.31,130.2 1 1
